Release 14.7 - xst P.20131013 (nt64)
Copyright (c) 1995-2013 Xilinx, Inc.  All rights reserved.
--> Parameter TMPDIR set to xst/projnav.tmp


Total REAL time to Xst completion: 0.00 secs
Total CPU time to Xst completion: 0.34 secs
 
--> Parameter xsthdpdir set to xst


Total REAL time to Xst completion: 0.00 secs
Total CPU time to Xst completion: 0.34 secs
 
--> Reading design: full_system.prj

TABLE OF CONTENTS
  1) Synthesis Options Summary
  2) HDL Parsing
  3) HDL Elaboration
  4) HDL Synthesis
       4.1) HDL Synthesis Report
  5) Advanced HDL Synthesis
       5.1) Advanced HDL Synthesis Report
  6) Low Level Synthesis
  7) Partition Report
  8) Design Summary
       8.1) Primitive and Black Box Usage
       8.2) Device utilization summary
       8.3) Partition Resource Summary
       8.4) Timing Report
            8.4.1) Clock Information
            8.4.2) Asynchronous Control Signals Information
            8.4.3) Timing Summary
            8.4.4) Timing Details
            8.4.5) Cross Clock Domains Report


=========================================================================
*                      Synthesis Options Summary                        *
=========================================================================
---- Source Parameters
Input File Name                    : "full_system.prj"
Ignore Synthesis Constraint File   : NO

---- Target Parameters
Output File Name                   : "full_system"
Output Format                      : NGC
Target Device                      : xc7a100t-1-csg324

---- Source Options
Top Module Name                    : full_system
Automatic FSM Extraction           : YES
FSM Encoding Algorithm             : Auto
Safe Implementation                : No
FSM Style                          : LUT
RAM Extraction                     : Yes
RAM Style                          : Auto
ROM Extraction                     : Yes
Shift Register Extraction          : YES
ROM Style                          : Auto
Resource Sharing                   : YES
Asynchronous To Synchronous        : NO
Shift Register Minimum Size        : 2
Use DSP Block                      : Auto
Automatic Register Balancing       : No

---- Target Options
LUT Combining                      : Auto
Reduce Control Sets                : Auto
Add IO Buffers                     : YES
Global Maximum Fanout              : 100000
Add Generic Clock Buffer(BUFG)     : 32
Register Duplication               : YES
Optimize Instantiated Primitives   : NO
Use Clock Enable                   : Auto
Use Synchronous Set                : Auto
Use Synchronous Reset              : Auto
Pack IO Registers into IOBs        : Auto
Equivalent register Removal        : YES

---- General Options
Optimization Goal                  : Speed
Optimization Effort                : 1
Power Reduction                    : NO
Keep Hierarchy                     : No
Netlist Hierarchy                  : As_Optimized
RTL Output                         : Yes
Global Optimization                : AllClockNets
Read Cores                         : YES
Write Timing Constraints           : NO
Cross Clock Analysis               : NO
Hierarchy Separator                : /
Bus Delimiter                      : <>
Case Specifier                     : Maintain
Slice Utilization Ratio            : 100
BRAM Utilization Ratio             : 100
DSP48 Utilization Ratio            : 100
Auto BRAM Packing                  : NO
Slice Utilization Ratio Delta      : 5

=========================================================================


=========================================================================
*                          HDL Parsing                                  *
=========================================================================
Parsing VHDL file "D:\GitHub\CG3207-Lab-1\src\state_machine.vhd" into library work
Parsing entity <state_machine>.
Parsing architecture <state_machine_architecture> of entity <state_machine>.
Parsing VHDL file "D:\GitHub\CG3207-Lab-1\src\rom.vhd" into library work
Parsing entity <rom>.
Parsing architecture <rom_architecture> of entity <rom>.
Parsing VHDL file "D:\GitHub\CG3207-Lab-1\src\display.vhd" into library work
Parsing entity <display>.
Parsing architecture <display_architecture> of entity <display>.
Parsing VHDL file "D:\GitHub\CG3207-Lab-1\src\counter.vhd" into library work
Parsing entity <counter>.
Parsing architecture <counter_architecture> of entity <counter>.
Parsing VHDL file "D:\GitHub\CG3207-Lab-1\src\comparator.vhd" into library work
Parsing entity <comparator>.
Parsing architecture <comparator_architecture> of entity <comparator>.
Parsing VHDL file "D:\GitHub\CG3207-Lab-1\src\addsub.vhd" into library work
Parsing entity <addsub>.
Parsing architecture <addsub_architecture> of entity <addsub>.
Parsing VHDL file "D:\GitHub\CG3207-Lab-1\src\full_system.vhd" into library work
Parsing entity <full_system>.
Parsing architecture <structural> of entity <full_system>.

=========================================================================
*                            HDL Elaboration                            *
=========================================================================

Elaborating entity <full_system> (architecture <structural>) from library <work>.

Elaborating entity <rom> (architecture <rom_architecture>) from library <work>.

Elaborating entity <addsub> (architecture <addsub_architecture>) from library <work>.

Elaborating entity <comparator> (architecture <comparator_architecture>) from library <work>.

Elaborating entity <counter> (architecture <counter_architecture>) from library <work>.

Elaborating entity <display> (architecture <display_architecture>) from library <work>.

Elaborating entity <state_machine> (architecture <state_machine_architecture>) from library <work>.
INFO:HDLCompiler:679 - "D:\GitHub\CG3207-Lab-1\src\state_machine.vhd" Line 118. Case statement is complete. others clause is never selected

=========================================================================
*                           HDL Synthesis                               *
=========================================================================

Synthesizing Unit <full_system>.
    Related source file is "D:\GitHub\CG3207-Lab-1\src\full_system.vhd".
    Summary:
	no macro.
Unit <full_system> synthesized.

Synthesizing Unit <rom>.
    Related source file is "D:\GitHub\CG3207-Lab-1\src\rom.vhd".
WARNING:Xst:647 - Input <addr<7:4>> is never used. This port will be preserved and left unconnected if it belongs to a top-level block or it belongs to a sub-block and the hierarchy of this sub-block is preserved.
WARNING:Xst:2999 - Signal 'ROM', unconnected in block 'rom', is tied to its initial value.
    Found 16x8-bit single-port Read Only RAM <Mram_ROM> for signal <ROM>.
    Summary:
	inferred   1 RAM(s).
Unit <rom> synthesized.

Synthesizing Unit <addsub>.
    Related source file is "D:\GitHub\CG3207-Lab-1\src\addsub.vhd".
    Found 8-bit adder for signal <data[7]_GND_7_o_add_1_OUT> created at line 47.
    Found 8-bit subtractor for signal <GND_7_o_GND_7_o_sub_4_OUT<7:0>> created at line 49.
    Found 8-bit 4-to-1 multiplexer for signal <_n0021> created at line 36.
    Summary:
	inferred   2 Adder/Subtractor(s).
	inferred   2 Multiplexer(s).
Unit <addsub> synthesized.

Synthesizing Unit <comparator>.
    Related source file is "D:\GitHub\CG3207-Lab-1\src\comparator.vhd".
    Found 8-bit comparator greater for signal <GND_8_o_data[7]_LessThan_1_o> created at line 44
    Found 8-bit comparator greater for signal <data[7]_GND_8_o_LessThan_2_o> created at line 44
    Found 8-bit comparator greater for signal <GND_8_o_data[7]_LessThan_3_o> created at line 46
    Found 8-bit comparator greater for signal <data[7]_GND_8_o_LessThan_4_o> created at line 46
    Summary:
	inferred   4 Comparator(s).
	inferred   1 Multiplexer(s).
Unit <comparator> synthesized.

Synthesizing Unit <counter>.
    Related source file is "D:\GitHub\CG3207-Lab-1\src\counter.vhd".
    Found 8-bit register for signal <count>.
    Found 8-bit adder for signal <count[7]_GND_9_o_add_4_OUT> created at line 51.
    Summary:
	inferred   1 Adder/Subtractor(s).
	inferred   8 D-type flip-flop(s).
Unit <counter> synthesized.

Synthesizing Unit <display>.
    Related source file is "D:\GitHub\CG3207-Lab-1\src\display.vhd".
    Summary:
	inferred   1 Multiplexer(s).
Unit <display> synthesized.

Synthesizing Unit <state_machine>.
    Related source file is "D:\GitHub\CG3207-Lab-1\src\state_machine.vhd".
    Found 2-bit register for signal <state>.
    Found finite state machine <FSM_0> for signal <state>.
    -----------------------------------------------------------------------
    | States             | 4                                              |
    | Transitions        | 13                                             |
    | Inputs             | 2                                              |
    | Outputs            | 2                                              |
    | Clock              | clk (rising_edge)                              |
    | Reset              | rst (positive)                                 |
    | Reset type         | asynchronous                                   |
    | Reset State        | reset                                          |
    | Power Up State     | reset                                          |
    | Encoding           | auto                                           |
    | Implementation     | LUT                                            |
    -----------------------------------------------------------------------
    Found 3-bit 4-to-1 multiplexer for signal <control> created at line 61.
    Summary:
	inferred   5 Multiplexer(s).
	inferred   1 Finite State Machine(s).
Unit <state_machine> synthesized.

=========================================================================
HDL Synthesis Report

Macro Statistics
# RAMs                                                 : 1
 16x8-bit single-port Read Only RAM                    : 1
# Adders/Subtractors                                   : 3
 8-bit adder                                           : 2
 8-bit subtractor                                      : 1
# Registers                                            : 1
 8-bit register                                        : 1
# Comparators                                          : 4
 8-bit comparator greater                              : 4
# Multiplexers                                         : 9
 2-bit 2-to-1 multiplexer                              : 1
 3-bit 2-to-1 multiplexer                              : 4
 3-bit 4-to-1 multiplexer                              : 1
 4-bit 2-to-1 multiplexer                              : 1
 8-bit 2-to-1 multiplexer                              : 1
 8-bit 4-to-1 multiplexer                              : 1
# FSMs                                                 : 1

=========================================================================

=========================================================================
*                       Advanced HDL Synthesis                          *
=========================================================================


Synthesizing (advanced) Unit <counter>.
The following registers are absorbed into counter <count>: 1 register on signal <count>.
Unit <counter> synthesized (advanced).

Synthesizing (advanced) Unit <rom>.
INFO:Xst:3218 - HDL ADVISOR - The RAM <Mram_ROM> will be implemented on LUTs either because you have described an asynchronous read or because of currently unsupported block RAM features. If you have described an asynchronous read, making it synchronous would allow you to take advantage of available block RAM resources, for optimized device usage and improved timings. Please refer to your documentation for coding guidelines.
    -----------------------------------------------------------------------
    | ram_type           | Distributed                         |          |
    -----------------------------------------------------------------------
    | Port A                                                              |
    |     aspect ratio   | 16-word x 8-bit                     |          |
    |     weA            | connected to signal <GND>           | high     |
    |     addrA          | connected to signal <addr>          |          |
    |     diA            | connected to signal <GND>           |          |
    |     doA            | connected to internal node          |          |
    -----------------------------------------------------------------------
Unit <rom> synthesized (advanced).

=========================================================================
Advanced HDL Synthesis Report

Macro Statistics
# RAMs                                                 : 1
 16x8-bit single-port distributed Read Only RAM        : 1
# Adders/Subtractors                                   : 2
 8-bit adder                                           : 1
 8-bit subtractor                                      : 1
# Counters                                             : 1
 8-bit up counter                                      : 1
# Comparators                                          : 4
 8-bit comparator greater                              : 4
# Multiplexers                                         : 8
 3-bit 2-to-1 multiplexer                              : 4
 3-bit 4-to-1 multiplexer                              : 1
 4-bit 2-to-1 multiplexer                              : 1
 8-bit 2-to-1 multiplexer                              : 1
 8-bit 4-to-1 multiplexer                              : 1
# FSMs                                                 : 1

=========================================================================

=========================================================================
*                         Low Level Synthesis                           *
=========================================================================
Analyzing FSM <MFsm> for best encoding.
Optimizing FSM <system_state_machine/FSM_0> on signal <state[1:2]> with user encoding.
-------------------
 State | Encoding
-------------------
 reset | 00
 up    | 01
 down  | 10
 idle  | 11
-------------------

Optimizing unit <full_system> ...

Optimizing unit <state_machine> ...

Optimizing unit <counter> ...
WARNING:Xst:2677 - Node <system_counter/count_7> of sequential type is unconnected in block <full_system>.
WARNING:Xst:2677 - Node <system_counter/count_6> of sequential type is unconnected in block <full_system>.
WARNING:Xst:2677 - Node <system_counter/count_5> of sequential type is unconnected in block <full_system>.
WARNING:Xst:2677 - Node <system_counter/count_4> of sequential type is unconnected in block <full_system>.

Mapping all equations...
Building and optimizing final netlist ...
Found area constraint ratio of 100 (+ 5) on block full_system, actual ratio is 0.

Final Macro Processing ...

=========================================================================
Final Register Report

Macro Statistics
# Registers                                            : 6
 Flip-Flops                                            : 6

=========================================================================

=========================================================================
*                           Partition Report                            *
=========================================================================

Partition Implementation Status
-------------------------------

  No Partitions were found in this design.

-------------------------------

=========================================================================
*                            Design Summary                             *
=========================================================================

Top Level Output File Name         : full_system.ngc

Primitive and Black Box Usage:
------------------------------
# BELS                             : 25
#      GND                         : 1
#      INV                         : 1
#      LUT1                        : 3
#      LUT2                        : 2
#      LUT3                        : 1
#      LUT4                        : 5
#      LUT5                        : 1
#      LUT6                        : 3
#      MUXCY                       : 3
#      VCC                         : 1
#      XORCY                       : 4
# FlipFlops/Latches                : 6
#      FDC                         : 2
#      FDRE                        : 4
# Clock Buffers                    : 1
#      BUFGP                       : 1
# IO Buffers                       : 8
#      IBUF                        : 4
#      OBUF                        : 4

Device utilization summary:
---------------------------

Selected Device : 7a100tcsg324-1 


Slice Logic Utilization: 
 Number of Slice Registers:               6  out of  126800     0%  
 Number of Slice LUTs:                   16  out of  63400     0%  
    Number used as Logic:                16  out of  63400     0%  

Slice Logic Distribution: 
 Number of LUT Flip Flop pairs used:     16
   Number with an unused Flip Flop:      10  out of     16    62%  
   Number with an unused LUT:             0  out of     16     0%  
   Number of fully used LUT-FF pairs:     6  out of     16    37%  
   Number of unique control sets:         2

IO Utilization: 
 Number of IOs:                           9
 Number of bonded IOBs:                   9  out of    210     4%  

Specific Feature Utilization:
 Number of BUFG/BUFGCTRLs:                1  out of     32     3%  

---------------------------
Partition Resource Summary:
---------------------------

  No Partitions were found in this design.

---------------------------


=========================================================================
Timing Report

NOTE: THESE TIMING NUMBERS ARE ONLY A SYNTHESIS ESTIMATE.
      FOR ACCURATE TIMING INFORMATION PLEASE REFER TO THE TRACE REPORT
      GENERATED AFTER PLACE-and-ROUTE.

Clock Information:
------------------
-----------------------------------+------------------------+-------+
Clock Signal                       | Clock buffer(FF name)  | Load  |
-----------------------------------+------------------------+-------+
systemClk                          | BUFGP                  | 6     |
-----------------------------------+------------------------+-------+

Asynchronous Control Signals Information:
----------------------------------------
No asynchronous control signals found in this design

Timing Summary:
---------------
Speed Grade: -1

   Minimum period: 2.120ns (Maximum Frequency: 471.587MHz)
   Minimum input arrival time before clock: 1.629ns
   Maximum output required time after clock: 2.723ns
   Maximum combinational path delay: 2.173ns

Timing Details:
---------------
All values displayed in nanoseconds (ns)

=========================================================================
Timing constraint: Default period analysis for Clock 'systemClk'
  Clock period: 2.120ns (frequency: 471.587MHz)
  Total number of paths / destination ports: 34 / 14
-------------------------------------------------------------------------
Delay:               2.120ns (Levels of Logic = 5)
  Source:            system_counter/count_0 (FF)
  Destination:       system_counter/count_3 (FF)
  Source Clock:      systemClk rising
  Destination Clock: systemClk rising

  Data Path: system_counter/count_0 to system_counter/count_3
                                Gate     Net
    Cell:in->out      fanout   Delay   Delay  Logical Name (Net Name)
    ----------------------------------------  ------------
     FDRE:C->Q             5   0.478   0.426  system_counter/count_0 (system_counter/count_0)
     INV:I->O              1   0.146   0.000  system_counter/Mcount_count_lut<0>_INV_0 (system_counter/Mcount_count_lut<0>)
     MUXCY:S->O            1   0.472   0.000  system_counter/Mcount_count_cy<0> (system_counter/Mcount_count_cy<0>)
     MUXCY:CI->O           1   0.029   0.000  system_counter/Mcount_count_cy<1> (system_counter/Mcount_count_cy<1>)
     MUXCY:CI->O           0   0.029   0.000  system_counter/Mcount_count_cy<2> (system_counter/Mcount_count_cy<2>)
     XORCY:CI->O           1   0.510   0.000  system_counter/Mcount_count_xor<3> (system_counter/Result<3>)
     FDRE:D                    0.030          system_counter/count_3
    ----------------------------------------
    Total                      2.120ns (1.694ns logic, 0.426ns route)
                                       (79.9% logic, 20.1% route)

=========================================================================
Timing constraint: Default OFFSET IN BEFORE for Clock 'systemClk'
  Total number of paths / destination ports: 14 / 8
-------------------------------------------------------------------------
Offset:              1.629ns (Levels of Logic = 2)
  Source:            systemOp1 (PAD)
  Destination:       system_counter/count_3 (FF)
  Destination Clock: systemClk rising

  Data Path: systemOp1 to system_counter/count_3
                                Gate     Net
    Cell:in->out      fanout   Delay   Delay  Logical Name (Net Name)
    ----------------------------------------  ------------
     IBUF:I->O             5   0.001   0.946  systemOp1_IBUF (systemOp1_IBUF)
     LUT5:I0->O            4   0.124   0.419  system_counter/control[2]_control[2]_OR_4_o_inv1 (system_counter/control[2]_control[2]_OR_4_o_inv)
     FDRE:CE                   0.139          system_counter/count_0
    ----------------------------------------
    Total                      1.629ns (0.264ns logic, 1.365ns route)
                                       (16.2% logic, 83.8% route)

=========================================================================
Timing constraint: Default OFFSET OUT AFTER for Clock 'systemClk'
  Total number of paths / destination ports: 27 / 4
-------------------------------------------------------------------------
Offset:              2.723ns (Levels of Logic = 3)
  Source:            system_state_machine/state_FSM_FFd1 (FF)
  Destination:       systemLED<2> (PAD)
  Source Clock:      systemClk rising

  Data Path: system_state_machine/state_FSM_FFd1 to systemLED<2>
                                Gate     Net
    Cell:in->out      fanout   Delay   Delay  Logical Name (Net Name)
    ----------------------------------------  ------------
     FDC:C->Q              7   0.478   0.816  system_state_machine/state_FSM_FFd1 (system_state_machine/state_FSM_FFd1)
     LUT4:I0->O            2   0.124   0.782  system_state_machine/Mmux_control21 (systemControl<1>)
     LUT6:I2->O            1   0.124   0.399  system_display/Mmux_display3 (systemLED_2_OBUF)
     OBUF:I->O                 0.000          systemLED_2_OBUF (systemLED<2>)
    ----------------------------------------
    Total                      2.723ns (0.726ns logic, 1.997ns route)
                                       (26.7% logic, 73.3% route)

=========================================================================
Timing constraint: Default path analysis
  Total number of paths / destination ports: 12 / 4
-------------------------------------------------------------------------
Delay:               2.173ns (Levels of Logic = 4)
  Source:            systemOp1 (PAD)
  Destination:       systemLED<2> (PAD)

  Data Path: systemOp1 to systemLED<2>
                                Gate     Net
    Cell:in->out      fanout   Delay   Delay  Logical Name (Net Name)
    ----------------------------------------  ------------
     IBUF:I->O             5   0.001   0.743  systemOp1_IBUF (systemOp1_IBUF)
     LUT4:I1->O            2   0.124   0.782  system_state_machine/Mmux_control21 (systemControl<1>)
     LUT6:I2->O            1   0.124   0.399  system_display/Mmux_display3 (systemLED_2_OBUF)
     OBUF:I->O                 0.000          systemLED_2_OBUF (systemLED<2>)
    ----------------------------------------
    Total                      2.173ns (0.249ns logic, 1.924ns route)
                                       (11.5% logic, 88.5% route)

=========================================================================

Cross Clock Domains Report:
--------------------------

Clock to Setup on destination clock systemClk
---------------+---------+---------+---------+---------+
               | Src:Rise| Src:Fall| Src:Rise| Src:Fall|
Source Clock   |Dest:Rise|Dest:Rise|Dest:Fall|Dest:Fall|
---------------+---------+---------+---------+---------+
systemClk      |    2.120|         |         |         |
---------------+---------+---------+---------+---------+

=========================================================================


Total REAL time to Xst completion: 26.00 secs
Total CPU time to Xst completion: 26.36 secs
 
--> 

Total memory usage is 426688 kilobytes

Number of errors   :    0 (   0 filtered)
Number of warnings :    6 (   0 filtered)
Number of infos    :    1 (   0 filtered)

